[18-Jul-2025 20:56:06 UTC] PHP Warning:  ini_set(): Session ini settings cannot be changed when a session is active in /home/gainsmax/public_html/test.star-rent.vip/config.php on line 109
[18-Jul-2025 20:56:06 UTC] PHP Warning:  ini_set(): Session ini settings cannot be changed when a session is active in /home/gainsmax/public_html/test.star-rent.vip/config.php on line 110
[18-Jul-2025 20:56:06 UTC] PHP Warning:  ini_set(): Session ini settings cannot be changed when a session is active in /home/gainsmax/public_html/test.star-rent.vip/config.php on line 111
[18-Jul-2025 20:56:06 UTC] PHP Warning:  ini_set(): Session ini settings cannot be changed when a session is active in /home/gainsmax/public_html/test.star-rent.vip/config.php on line 112
[18-Jul-2025 20:56:06 UTC] PHP Warning:  Trying to access array offset on value of type bool in /home/gainsmax/public_html/test.star-rent.vip/admin/index.php on line 517
[18-Jul-2025 20:56:06 UTC] PHP Deprecated:  htmlspecialchars(): Passing null to parameter #1 ($string) of type string is deprecated in /home/gainsmax/public_html/test.star-rent.vip/admin/index.php on line 517
[18-Jul-2025 20:56:06 UTC] PHP Warning:  Trying to access array offset on value of type bool in /home/gainsmax/public_html/test.star-rent.vip/admin/index.php on line 644
[18-Jul-2025 20:56:06 UTC] PHP Deprecated:  substr(): Passing null to parameter #1 ($string) of type string is deprecated in /home/gainsmax/public_html/test.star-rent.vip/admin/index.php on line 644
[18-Jul-2025 20:56:06 UTC] PHP Warning:  Trying to access array offset on value of type bool in /home/gainsmax/public_html/test.star-rent.vip/admin/index.php on line 647
[18-Jul-2025 20:56:06 UTC] PHP Deprecated:  htmlspecialchars(): Passing null to parameter #1 ($string) of type string is deprecated in /home/gainsmax/public_html/test.star-rent.vip/admin/index.php on line 647
[18-Jul-2025 20:56:06 UTC] PHP Warning:  Trying to access array offset on value of type bool in /home/gainsmax/public_html/test.star-rent.vip/admin/index.php on line 648
[18-Jul-2025 20:56:06 UTC] PHP Deprecated:  ucfirst(): Passing null to parameter #1 ($string) of type string is deprecated in /home/gainsmax/public_html/test.star-rent.vip/admin/index.php on line 648
[18-Jul-2025 20:56:09 UTC] PHP Warning:  ini_set(): Session ini settings cannot be changed when a session is active in /home/gainsmax/public_html/test.star-rent.vip/config.php on line 109
[18-Jul-2025 20:56:09 UTC] PHP Warning:  ini_set(): Session ini settings cannot be changed when a session is active in /home/gainsmax/public_html/test.star-rent.vip/config.php on line 110
[18-Jul-2025 20:56:09 UTC] PHP Warning:  ini_set(): Session ini settings cannot be changed when a session is active in /home/gainsmax/public_html/test.star-rent.vip/config.php on line 111
[18-Jul-2025 20:56:09 UTC] PHP Warning:  ini_set(): Session ini settings cannot be changed when a session is active in /home/gainsmax/public_html/test.star-rent.vip/config.php on line 112
[18-Jul-2025 20:56:10 UTC] PHP Warning:  ini_set(): Session ini settings cannot be changed when a session is active in /home/gainsmax/public_html/test.star-rent.vip/config.php on line 109
[18-Jul-2025 20:56:10 UTC] PHP Warning:  ini_set(): Session ini settings cannot be changed when a session is active in /home/gainsmax/public_html/test.star-rent.vip/config.php on line 110
[18-Jul-2025 20:56:10 UTC] PHP Warning:  ini_set(): Session ini settings cannot be changed when a session is active in /home/gainsmax/public_html/test.star-rent.vip/config.php on line 111
[18-Jul-2025 20:56:10 UTC] PHP Warning:  ini_set(): Session ini settings cannot be changed when a session is active in /home/gainsmax/public_html/test.star-rent.vip/config.php on line 112
[18-Jul-2025 20:56:17 UTC] PHP Warning:  ini_set(): Session ini settings cannot be changed when a session is active in /home/gainsmax/public_html/test.star-rent.vip/config.php on line 109
[18-Jul-2025 20:56:17 UTC] PHP Warning:  ini_set(): Session ini settings cannot be changed when a session is active in /home/gainsmax/public_html/test.star-rent.vip/config.php on line 110
[18-Jul-2025 20:56:17 UTC] PHP Warning:  ini_set(): Session ini settings cannot be changed when a session is active in /home/gainsmax/public_html/test.star-rent.vip/config.php on line 111
[18-Jul-2025 20:56:17 UTC] PHP Warning:  ini_set(): Session ini settings cannot be changed when a session is active in /home/gainsmax/public_html/test.star-rent.vip/config.php on line 112
[18-Jul-2025 20:56:17 UTC] PHP Warning:  ini_set(): Session ini settings cannot be changed when a session is active in /home/gainsmax/public_html/test.star-rent.vip/config.php on line 109
[18-Jul-2025 20:56:17 UTC] PHP Warning:  ini_set(): Session ini settings cannot be changed when a session is active in /home/gainsmax/public_html/test.star-rent.vip/config.php on line 110
[18-Jul-2025 20:56:17 UTC] PHP Warning:  ini_set(): Session ini settings cannot be changed when a session is active in /home/gainsmax/public_html/test.star-rent.vip/config.php on line 111
[18-Jul-2025 20:56:17 UTC] PHP Warning:  ini_set(): Session ini settings cannot be changed when a session is active in /home/gainsmax/public_html/test.star-rent.vip/config.php on line 112
[18-Jul-2025 20:56:20 UTC] PHP Warning:  ini_set(): Session ini settings cannot be changed when a session is active in /home/gainsmax/public_html/test.star-rent.vip/config.php on line 109
[18-Jul-2025 20:56:20 UTC] PHP Warning:  ini_set(): Session ini settings cannot be changed when a session is active in /home/gainsmax/public_html/test.star-rent.vip/config.php on line 110
[18-Jul-2025 20:56:20 UTC] PHP Warning:  ini_set(): Session ini settings cannot be changed when a session is active in /home/gainsmax/public_html/test.star-rent.vip/config.php on line 111
[18-Jul-2025 20:56:20 UTC] PHP Warning:  ini_set(): Session ini settings cannot be changed when a session is active in /home/gainsmax/public_html/test.star-rent.vip/config.php on line 112
[18-Jul-2025 20:56:22 UTC] PHP Warning:  ini_set(): Session ini settings cannot be changed when a session is active in /home/gainsmax/public_html/test.star-rent.vip/config.php on line 109
[18-Jul-2025 20:56:22 UTC] PHP Warning:  ini_set(): Session ini settings cannot be changed when a session is active in /home/gainsmax/public_html/test.star-rent.vip/config.php on line 110
[18-Jul-2025 20:56:22 UTC] PHP Warning:  ini_set(): Session ini settings cannot be changed when a session is active in /home/gainsmax/public_html/test.star-rent.vip/config.php on line 111
[18-Jul-2025 20:56:22 UTC] PHP Warning:  ini_set(): Session ini settings cannot be changed when a session is active in /home/gainsmax/public_html/test.star-rent.vip/config.php on line 112
[18-Jul-2025 20:56:23 UTC] PHP Warning:  ini_set(): Session ini settings cannot be changed when a session is active in /home/gainsmax/public_html/test.star-rent.vip/config.php on line 109
[18-Jul-2025 20:56:23 UTC] PHP Warning:  ini_set(): Session ini settings cannot be changed when a session is active in /home/gainsmax/public_html/test.star-rent.vip/config.php on line 110
[18-Jul-2025 20:56:23 UTC] PHP Warning:  ini_set(): Session ini settings cannot be changed when a session is active in /home/gainsmax/public_html/test.star-rent.vip/config.php on line 111
[18-Jul-2025 20:56:23 UTC] PHP Warning:  ini_set(): Session ini settings cannot be changed when a session is active in /home/gainsmax/public_html/test.star-rent.vip/config.php on line 112
[18-Jul-2025 20:56:25 UTC] PHP Warning:  ini_set(): Session ini settings cannot be changed when a session is active in /home/gainsmax/public_html/test.star-rent.vip/config.php on line 109
[18-Jul-2025 20:56:25 UTC] PHP Warning:  ini_set(): Session ini settings cannot be changed when a session is active in /home/gainsmax/public_html/test.star-rent.vip/config.php on line 110
[18-Jul-2025 20:56:25 UTC] PHP Warning:  ini_set(): Session ini settings cannot be changed when a session is active in /home/gainsmax/public_html/test.star-rent.vip/config.php on line 111
[18-Jul-2025 20:56:25 UTC] PHP Warning:  ini_set(): Session ini settings cannot be changed when a session is active in /home/gainsmax/public_html/test.star-rent.vip/config.php on line 112
[18-Jul-2025 20:56:27 UTC] PHP Warning:  ini_set(): Session ini settings cannot be changed when a session is active in /home/gainsmax/public_html/test.star-rent.vip/config.php on line 109
[18-Jul-2025 20:56:27 UTC] PHP Warning:  ini_set(): Session ini settings cannot be changed when a session is active in /home/gainsmax/public_html/test.star-rent.vip/config.php on line 110
[18-Jul-2025 20:56:27 UTC] PHP Warning:  ini_set(): Session ini settings cannot be changed when a session is active in /home/gainsmax/public_html/test.star-rent.vip/config.php on line 111
[18-Jul-2025 20:56:27 UTC] PHP Warning:  ini_set(): Session ini settings cannot be changed when a session is active in /home/gainsmax/public_html/test.star-rent.vip/config.php on line 112
[18-Jul-2025 20:56:29 UTC] PHP Warning:  ini_set(): Session ini settings cannot be changed when a session is active in /home/gainsmax/public_html/test.star-rent.vip/config.php on line 109
[18-Jul-2025 20:56:29 UTC] PHP Warning:  ini_set(): Session ini settings cannot be changed when a session is active in /home/gainsmax/public_html/test.star-rent.vip/config.php on line 110
[18-Jul-2025 20:56:29 UTC] PHP Warning:  ini_set(): Session ini settings cannot be changed when a session is active in /home/gainsmax/public_html/test.star-rent.vip/config.php on line 111
[18-Jul-2025 20:56:29 UTC] PHP Warning:  ini_set(): Session ini settings cannot be changed when a session is active in /home/gainsmax/public_html/test.star-rent.vip/config.php on line 112
[18-Jul-2025 20:56:31 UTC] PHP Warning:  ini_set(): Session ini settings cannot be changed when a session is active in /home/gainsmax/public_html/test.star-rent.vip/config.php on line 109
[18-Jul-2025 20:56:31 UTC] PHP Warning:  ini_set(): Session ini settings cannot be changed when a session is active in /home/gainsmax/public_html/test.star-rent.vip/config.php on line 110
[18-Jul-2025 20:56:31 UTC] PHP Warning:  ini_set(): Session ini settings cannot be changed when a session is active in /home/gainsmax/public_html/test.star-rent.vip/config.php on line 111
[18-Jul-2025 20:56:31 UTC] PHP Warning:  ini_set(): Session ini settings cannot be changed when a session is active in /home/gainsmax/public_html/test.star-rent.vip/config.php on line 112
[18-Jul-2025 20:57:01 UTC] PHP Warning:  ini_set(): Session ini settings cannot be changed when a session is active in /home/gainsmax/public_html/test.star-rent.vip/config.php on line 109
[18-Jul-2025 20:57:01 UTC] PHP Warning:  ini_set(): Session ini settings cannot be changed when a session is active in /home/gainsmax/public_html/test.star-rent.vip/config.php on line 110
[18-Jul-2025 20:57:01 UTC] PHP Warning:  ini_set(): Session ini settings cannot be changed when a session is active in /home/gainsmax/public_html/test.star-rent.vip/config.php on line 111
[18-Jul-2025 20:57:01 UTC] PHP Warning:  ini_set(): Session ini settings cannot be changed when a session is active in /home/gainsmax/public_html/test.star-rent.vip/config.php on line 112
[18-Jul-2025 20:57:10 UTC] PHP Warning:  ini_set(): Session ini settings cannot be changed when a session is active in /home/gainsmax/public_html/test.star-rent.vip/config.php on line 109
[18-Jul-2025 20:57:10 UTC] PHP Warning:  ini_set(): Session ini settings cannot be changed when a session is active in /home/gainsmax/public_html/test.star-rent.vip/config.php on line 110
[18-Jul-2025 20:57:10 UTC] PHP Warning:  ini_set(): Session ini settings cannot be changed when a session is active in /home/gainsmax/public_html/test.star-rent.vip/config.php on line 111
[18-Jul-2025 20:57:10 UTC] PHP Warning:  ini_set(): Session ini settings cannot be changed when a session is active in /home/gainsmax/public_html/test.star-rent.vip/config.php on line 112
[18-Jul-2025 20:57:18 UTC] PHP Warning:  ini_set(): Session ini settings cannot be changed when a session is active in /home/gainsmax/public_html/test.star-rent.vip/config.php on line 109
[18-Jul-2025 20:57:18 UTC] PHP Warning:  ini_set(): Session ini settings cannot be changed when a session is active in /home/gainsmax/public_html/test.star-rent.vip/config.php on line 110
[18-Jul-2025 20:57:18 UTC] PHP Warning:  ini_set(): Session ini settings cannot be changed when a session is active in /home/gainsmax/public_html/test.star-rent.vip/config.php on line 111
[18-Jul-2025 20:57:18 UTC] PHP Warning:  ini_set(): Session ini settings cannot be changed when a session is active in /home/gainsmax/public_html/test.star-rent.vip/config.php on line 112
[18-Jul-2025 20:57:20 UTC] PHP Warning:  ini_set(): Session ini settings cannot be changed when a session is active in /home/gainsmax/public_html/test.star-rent.vip/config.php on line 109
[18-Jul-2025 20:57:20 UTC] PHP Warning:  ini_set(): Session ini settings cannot be changed when a session is active in /home/gainsmax/public_html/test.star-rent.vip/config.php on line 110
[18-Jul-2025 20:57:20 UTC] PHP Warning:  ini_set(): Session ini settings cannot be changed when a session is active in /home/gainsmax/public_html/test.star-rent.vip/config.php on line 111
[18-Jul-2025 20:57:20 UTC] PHP Warning:  ini_set(): Session ini settings cannot be changed when a session is active in /home/gainsmax/public_html/test.star-rent.vip/config.php on line 112
[18-Jul-2025 20:57:49 UTC] PHP Warning:  ini_set(): Session ini settings cannot be changed when a session is active in /home/gainsmax/public_html/test.star-rent.vip/config.php on line 109
[18-Jul-2025 20:57:49 UTC] PHP Warning:  ini_set(): Session ini settings cannot be changed when a session is active in /home/gainsmax/public_html/test.star-rent.vip/config.php on line 110
[18-Jul-2025 20:57:49 UTC] PHP Warning:  ini_set(): Session ini settings cannot be changed when a session is active in /home/gainsmax/public_html/test.star-rent.vip/config.php on line 111
[18-Jul-2025 20:57:49 UTC] PHP Warning:  ini_set(): Session ini settings cannot be changed when a session is active in /home/gainsmax/public_html/test.star-rent.vip/config.php on line 112
[18-Jul-2025 20:58:31 UTC] PHP Warning:  ini_set(): Session ini settings cannot be changed when a session is active in /home/gainsmax/public_html/test.star-rent.vip/config.php on line 109
[18-Jul-2025 20:58:31 UTC] PHP Warning:  ini_set(): Session ini settings cannot be changed when a session is active in /home/gainsmax/public_html/test.star-rent.vip/config.php on line 110
[18-Jul-2025 20:58:31 UTC] PHP Warning:  ini_set(): Session ini settings cannot be changed when a session is active in /home/gainsmax/public_html/test.star-rent.vip/config.php on line 111
[18-Jul-2025 20:58:31 UTC] PHP Warning:  ini_set(): Session ini settings cannot be changed when a session is active in /home/gainsmax/public_html/test.star-rent.vip/config.php on line 112
[18-Jul-2025 20:58:31 UTC] Email sent successfully to: luffykoa31@gmail.com
[18-Jul-2025 20:58:34 UTC] PHP Warning:  ini_set(): Session ini settings cannot be changed when a session is active in /home/gainsmax/public_html/test.star-rent.vip/config.php on line 109
[18-Jul-2025 20:58:34 UTC] PHP Warning:  ini_set(): Session ini settings cannot be changed when a session is active in /home/gainsmax/public_html/test.star-rent.vip/config.php on line 110
[18-Jul-2025 20:58:34 UTC] PHP Warning:  ini_set(): Session ini settings cannot be changed when a session is active in /home/gainsmax/public_html/test.star-rent.vip/config.php on line 111
[18-Jul-2025 20:58:34 UTC] PHP Warning:  ini_set(): Session ini settings cannot be changed when a session is active in /home/gainsmax/public_html/test.star-rent.vip/config.php on line 112
[18-Jul-2025 20:58:47 UTC] PHP Warning:  ini_set(): Session ini settings cannot be changed when a session is active in /home/gainsmax/public_html/test.star-rent.vip/config.php on line 109
[18-Jul-2025 20:58:47 UTC] PHP Warning:  ini_set(): Session ini settings cannot be changed when a session is active in /home/gainsmax/public_html/test.star-rent.vip/config.php on line 110
[18-Jul-2025 20:58:47 UTC] PHP Warning:  ini_set(): Session ini settings cannot be changed when a session is active in /home/gainsmax/public_html/test.star-rent.vip/config.php on line 111
[18-Jul-2025 20:58:47 UTC] PHP Warning:  ini_set(): Session ini settings cannot be changed when a session is active in /home/gainsmax/public_html/test.star-rent.vip/config.php on line 112
[18-Jul-2025 20:58:47 UTC] PHP Warning:  ini_set(): Session ini settings cannot be changed when a session is active in /home/gainsmax/public_html/test.star-rent.vip/config.php on line 109
[18-Jul-2025 20:58:47 UTC] PHP Warning:  ini_set(): Session ini settings cannot be changed when a session is active in /home/gainsmax/public_html/test.star-rent.vip/config.php on line 110
[18-Jul-2025 20:58:47 UTC] PHP Warning:  ini_set(): Session ini settings cannot be changed when a session is active in /home/gainsmax/public_html/test.star-rent.vip/config.php on line 111
[18-Jul-2025 20:58:47 UTC] PHP Warning:  ini_set(): Session ini settings cannot be changed when a session is active in /home/gainsmax/public_html/test.star-rent.vip/config.php on line 112
[18-Jul-2025 20:58:51 UTC] PHP Warning:  ini_set(): Session ini settings cannot be changed when a session is active in /home/gainsmax/public_html/test.star-rent.vip/config.php on line 109
[18-Jul-2025 20:58:51 UTC] PHP Warning:  ini_set(): Session ini settings cannot be changed when a session is active in /home/gainsmax/public_html/test.star-rent.vip/config.php on line 110
[18-Jul-2025 20:58:51 UTC] PHP Warning:  ini_set(): Session ini settings cannot be changed when a session is active in /home/gainsmax/public_html/test.star-rent.vip/config.php on line 111
[18-Jul-2025 20:58:51 UTC] PHP Warning:  ini_set(): Session ini settings cannot be changed when a session is active in /home/gainsmax/public_html/test.star-rent.vip/config.php on line 112
[18-Jul-2025 20:58:58 UTC] PHP Warning:  ini_set(): Session ini settings cannot be changed when a session is active in /home/gainsmax/public_html/test.star-rent.vip/config.php on line 109
[18-Jul-2025 20:58:58 UTC] PHP Warning:  ini_set(): Session ini settings cannot be changed when a session is active in /home/gainsmax/public_html/test.star-rent.vip/config.php on line 110
[18-Jul-2025 20:58:58 UTC] PHP Warning:  ini_set(): Session ini settings cannot be changed when a session is active in /home/gainsmax/public_html/test.star-rent.vip/config.php on line 111
[18-Jul-2025 20:58:58 UTC] PHP Warning:  ini_set(): Session ini settings cannot be changed when a session is active in /home/gainsmax/public_html/test.star-rent.vip/config.php on line 112
[18-Jul-2025 21:14:42 UTC] Plisio WHMCS API Request: https://api.plisio.net/api/v1/invoices/687ab94206eb70877006c190?api_key=M_srKi_qKCQ1hra_J8Zx-khHGozvT2EkbfXq8ieKZvTfmpCOIKcTFHNchjMEC4_x - Data: {"api_key":"***HIDDEN***"}
[18-Jul-2025 21:14:42 UTC] Plisio WHMCS API Response: HTTP 200 - {"status":"success","data":{"invoice":{"txn_id":"687ab94206eb70877006c190","invoice_url":"https://plisio.net/invoice/687ab94206eb70877006c190","invoice_total_sum":"0.00000852","id":"687ab94206eb70877006c190","status":"new","type":"invoice","status_code":1,"amount":"0.00000852","received_amount":"0.00000000","pending_amount":"0.00000852","remaining_amount":"0.00000852","wallet_hash":"bc1qhg7gcmesmfrzjyhtjaff3x7ek5v57a6t87w2qy","psys_cid":"BTC","currency":"BTC","source_currency":"USD","source_rate
[18-Jul-2025 21:14:42 UTC] Plisio Webhook Received: {"timestamp":"2025-07-18 21:14:42","method":"POST","headers":{"Content-Length":"1954","Content-Type":"multipart\/form-data; boundary=------------------------b82139ea61381d88","Accept":"*\/*","Host":"test.star-rent.vip"},"post_data":{"amount":"0.00000000","comment":"Invoice details: https:\/\/plisio.net\/account\/transactions\/687ab94206eb70877006c190","currency":"BTC","ipn_type":"invoice","merchant":"Rental","merchant_id":"682f10214df4941d6b040a0e","order_description":"Test invoice - Star Router Rent WHMCS v1.0.3","order_name":"Test invoice - Star Router Rent WHMCS v1.0.3","order_number":"TEST_WHMCS_1752873281","psys_cid":"BTC","source_amount":"1.00","source_currency":"USD","source_rate":"0.00000848","status":"new","txn_id":"687ab94206eb70877006c190","verify_hash":"a383f07e00c66b965a1c3482df049ac11f697b9d"},"raw_input":""}
[18-Jul-2025 21:14:42 UTC] Webhook processing error (plisio): Payment not found for order: TEST_WHMCS_1752873281 or txn_id: 687ab94206eb70877006c190
[18-Jul-2025 21:14:42 UTC] Plisio webhook error: Payment not found for order: TEST_WHMCS_1752873281 or txn_id: 687ab94206eb70877006c190
[18-Jul-2025 21:14:42 UTC] POST data: {"amount":"0.00000000","comment":"Invoice details: https:\/\/plisio.net\/account\/transactions\/687ab94206eb70877006c190","currency":"BTC","ipn_type":"invoice","merchant":"Rental","merchant_id":"682f10214df4941d6b040a0e","order_description":"Test invoice - Star Router Rent WHMCS v1.0.3","order_name":"Test invoice - Star Router Rent WHMCS v1.0.3","order_number":"TEST_WHMCS_1752873281","psys_cid":"BTC","source_amount":"1.00","source_currency":"USD","source_rate":"0.00000848","status":"new","txn_id":"687ab94206eb70877006c190","verify_hash":"a383f07e00c66b965a1c3482df049ac11f697b9d"}
[18-Jul-2025 21:14:42 UTC] Raw input: 
[18-Jul-2025 21:15:09 UTC] Email sent successfully to: referrer2@test.com
[18-Jul-2025 21:15:09 UTC] Email sent successfully to: referrer1@test.com
[18-Jul-2025 21:15:09 UTC] Email sent successfully to: referrer2@test.com
[18-Jul-2025 21:15:09 UTC] Email sent successfully to: referrer1@test.com
[18-Jul-2025 21:36:32 UTC] Plisio WHMCS API Request: https://api.plisio.net/api/v1/invoices/687abe6014581547fb068096?api_key=DkKx6vFvZu_UhKnptUxTntve2_2aUYBw1xWj9m4awcBCj67qFVGv9Cy6oS658cgo - Data: {"api_key":"***HIDDEN***"}
[18-Jul-2025 21:36:33 UTC] Plisio WHMCS API Response: HTTP 200 - {"status":"success","data":{"invoice":{"txn_id":"687abe6014581547fb068096","invoice_url":"https://plisio.net/invoice/687abe6014581547fb068096","invoice_total_sum":"0.00000848","id":"687abe6014581547fb068096","status":"new","type":"invoice","status_code":1,"amount":"0.00000848","received_amount":"0.00000000","pending_amount":"0.00000848","remaining_amount":"0.00000848","wallet_hash":"bc1qhd74k4jfyah0eptgf9y9gpumv54v0pv07jl7d4","psys_cid":"BTC","currency":"BTC","source_currency":"USD","source_rate
[18-Jul-2025 21:36:33 UTC] Plisio Webhook Received: {"timestamp":"2025-07-18 21:36:33","method":"POST","headers":{"Content-Length":"1957","Content-Type":"multipart\/form-data; boundary=------------------------a5bad62940b81bed","Accept":"*\/*","Host":"test.star-rent.vip"},"post_data":{"amount":"0.00000000","comment":"Invoice details: https:\/\/plisio.net\/account\/transactions\/687abe6014581547fb068096","currency":"BTC","ipn_type":"invoice","merchant":"star-rent","merchant_id":"687abd80b52b46f45e0b97a7","order_description":"Test invoice - Star Router Rent WHMCS v1.0.3","order_name":"Test invoice - Star Router Rent WHMCS v1.0.3","order_number":"TEST_WHMCS_1752874592","psys_cid":"BTC","source_amount":"1.00","source_currency":"USD","source_rate":"0.00000848","status":"new","txn_id":"687abe6014581547fb068096","verify_hash":"94156018f7ab37d754bec430188e3e2a598b1acf"},"raw_input":""}
[18-Jul-2025 21:36:33 UTC] Webhook processing error (plisio): Payment not found for order: TEST_WHMCS_1752874592 or txn_id: 687abe6014581547fb068096
[18-Jul-2025 21:36:33 UTC] Plisio webhook error: Payment not found for order: TEST_WHMCS_1752874592 or txn_id: 687abe6014581547fb068096
[18-Jul-2025 21:36:33 UTC] POST data: {"amount":"0.00000000","comment":"Invoice details: https:\/\/plisio.net\/account\/transactions\/687abe6014581547fb068096","currency":"BTC","ipn_type":"invoice","merchant":"star-rent","merchant_id":"687abd80b52b46f45e0b97a7","order_description":"Test invoice - Star Router Rent WHMCS v1.0.3","order_name":"Test invoice - Star Router Rent WHMCS v1.0.3","order_number":"TEST_WHMCS_1752874592","psys_cid":"BTC","source_amount":"1.00","source_currency":"USD","source_rate":"0.00000848","status":"new","txn_id":"687abe6014581547fb068096","verify_hash":"94156018f7ab37d754bec430188e3e2a598b1acf"}
[18-Jul-2025 21:36:33 UTC] Raw input: 
[18-Jul-2025 21:45:06 UTC] Plisio Webhook Received: {"timestamp":"2025-07-18 21:45:06","method":"POST","headers":{"Content-Length":"1960","Content-Type":"multipart\/form-data; boundary=------------------------958ff13465782ddb","Accept":"*\/*","Host":"test.star-rent.vip"},"post_data":{"amount":"0.00000000","comment":"Invoice details: https:\/\/plisio.net\/account\/transactions\/687ab94206eb70877006c190","currency":"BTC","ipn_type":"invoice","merchant":"Rental","merchant_id":"682f10214df4941d6b040a0e","order_description":"Test invoice - Star Router Rent WHMCS v1.0.3","order_name":"Test invoice - Star Router Rent WHMCS v1.0.3","order_number":"TEST_WHMCS_1752873281","psys_cid":"BTC","source_amount":"1.00","source_currency":"USD","source_rate":"0.00000848","status":"cancelled","txn_id":"687ab94206eb70877006c190","verify_hash":"4cc537d0a20fbce5d1d1586321dd4db33e7f2f9f"},"raw_input":""}
[18-Jul-2025 21:45:06 UTC] Plisio webhook signature verification failed
[18-Jul-2025 21:45:06 UTC] Webhook processing error (plisio): Payment not found for order: TEST_WHMCS_1752873281 or txn_id: 687ab94206eb70877006c190
[18-Jul-2025 21:45:06 UTC] Plisio webhook error: Payment not found for order: TEST_WHMCS_1752873281 or txn_id: 687ab94206eb70877006c190
[18-Jul-2025 21:45:06 UTC] POST data: {"amount":"0.00000000","comment":"Invoice details: https:\/\/plisio.net\/account\/transactions\/687ab94206eb70877006c190","currency":"BTC","ipn_type":"invoice","merchant":"Rental","merchant_id":"682f10214df4941d6b040a0e","order_description":"Test invoice - Star Router Rent WHMCS v1.0.3","order_name":"Test invoice - Star Router Rent WHMCS v1.0.3","order_number":"TEST_WHMCS_1752873281","psys_cid":"BTC","source_amount":"1.00","source_currency":"USD","source_rate":"0.00000848","status":"cancelled","txn_id":"687ab94206eb70877006c190","verify_hash":"4cc537d0a20fbce5d1d1586321dd4db33e7f2f9f"}
[18-Jul-2025 21:45:06 UTC] Raw input: 
[18-Jul-2025 21:49:38 UTC] Plisio Webhook Received: {"timestamp":"2025-07-18 21:49:38","method":"POST","headers":{"Content-Length":"1936","Content-Type":"multipart\/form-data; boundary=------------------------486be26b7af5b4ab","Accept":"*\/*","Host":"test.star-rent.vip"},"post_data":{"amount":"0.00000000","comment":"Invoice details: https:\/\/plisio.net\/account\/transactions\/687ac17230e9c0242609239d","currency":"BTC","ipn_type":"invoice","merchant":"star-rent","merchant_id":"687abd80b52b46f45e0b97a7","order_description":"Deposit to Star Router Rent","order_name":"Deposit to Star Router Rent","order_number":"7b32e356dc7f2710da57199b6440555a","psys_cid":"BTC","source_amount":"100.00","source_currency":"USD","source_rate":"0.00000848","status":"new","txn_id":"687ac17230e9c0242609239d","verify_hash":"3d9fd33b0f2e5341b55d3b3ac1d53d789079decf"},"raw_input":""}
[18-Jul-2025 21:49:38 UTC] Plisio webhook processed successfully: {"success":true,"payment_id":"7b32e356dc7f2710da57199b6440555a","status":"pending","message":"No status change required"}
[18-Jul-2025 21:53:15 UTC] Plisio Webhook Received: {"timestamp":"2025-07-18 21:53:15","method":"POST","headers":{"Content-Length":"1936","Content-Type":"multipart\/form-data; boundary=------------------------56eaf9dcbfbc0107","Accept":"*\/*","Host":"test.star-rent.vip"},"post_data":{"amount":"0.00000000","comment":"Invoice details: https:\/\/plisio.net\/account\/transactions\/687ac24a85e730ced8028f85","currency":"BTC","ipn_type":"invoice","merchant":"star-rent","merchant_id":"687abd80b52b46f45e0b97a7","order_description":"Deposit to Star Router Rent","order_name":"Deposit to Star Router Rent","order_number":"0c727108e34c4f12879f8dc7abd36884","psys_cid":"BTC","source_amount":"100.00","source_currency":"USD","source_rate":"0.00000849","status":"new","txn_id":"687ac24a85e730ced8028f85","verify_hash":"f573e1d8de46990af2b179ac26168dc1b0f52890"},"raw_input":""}
[18-Jul-2025 21:53:15 UTC] Plisio webhook processed successfully: {"success":true,"payment_id":"0c727108e34c4f12879f8dc7abd36884","status":"pending","message":"No status change required"}
[18-Jul-2025 22:01:10 UTC] Email sent successfully to: sefnebihi@gmail.com
[18-Jul-2025 22:01:44 UTC] Plisio Webhook Received: {"timestamp":"2025-07-18 22:01:44","method":"POST","headers":{"Content-Length":"1937","Content-Type":"multipart\/form-data; boundary=------------------------15723908e7381ee1","Accept":"*\/*","Host":"test.star-rent.vip"},"post_data":{"amount":"0.00000000","comment":"Invoice details: https:\/\/plisio.net\/account\/transactions\/687ac4481f595effe70c052b","currency":"BTC","ipn_type":"invoice","merchant":"star-rent","merchant_id":"687abd80b52b46f45e0b97a7","order_description":"Deposit to Star Router Rent","order_name":"Deposit to Star Router Rent","order_number":"9f67ef2fb8701e9cc78d0c50f8a9272b","psys_cid":"BTC","source_amount":"1000.00","source_currency":"USD","source_rate":"0.00000849","status":"new","txn_id":"687ac4481f595effe70c052b","verify_hash":"a85e6f8d8c00f678ad37177251319d199b91cf56"},"raw_input":""}
[18-Jul-2025 22:01:44 UTC] Plisio webhook processed successfully: {"success":true,"payment_id":"9f67ef2fb8701e9cc78d0c50f8a9272b","status":"pending","message":"No status change required"}
[18-Jul-2025 22:07:02 UTC] Plisio Webhook Received: {"timestamp":"2025-07-18 22:07:02","method":"POST","headers":{"Content-Length":"1963","Content-Type":"multipart\/form-data; boundary=------------------------f18507fdc43562e3","Accept":"*\/*","Host":"test.star-rent.vip"},"post_data":{"amount":"0.00000000","comment":"Invoice details: https:\/\/plisio.net\/account\/transactions\/687abe6014581547fb068096","currency":"BTC","ipn_type":"invoice","merchant":"star-rent","merchant_id":"687abd80b52b46f45e0b97a7","order_description":"Test invoice - Star Router Rent WHMCS v1.0.3","order_name":"Test invoice - Star Router Rent WHMCS v1.0.3","order_number":"TEST_WHMCS_1752874592","psys_cid":"BTC","source_amount":"1.00","source_currency":"USD","source_rate":"0.00000848","status":"cancelled","txn_id":"687abe6014581547fb068096","verify_hash":"01cea2dde16e98d31d715fc5a818347c152a84dc"},"raw_input":""}
[18-Jul-2025 22:07:02 UTC] Webhook processing error (plisio): Payment not found for order: TEST_WHMCS_1752874592 or txn_id: 687abe6014581547fb068096
[18-Jul-2025 22:07:02 UTC] Plisio webhook error: Payment not found for order: TEST_WHMCS_1752874592 or txn_id: 687abe6014581547fb068096
[18-Jul-2025 22:07:02 UTC] POST data: {"amount":"0.00000000","comment":"Invoice details: https:\/\/plisio.net\/account\/transactions\/687abe6014581547fb068096","currency":"BTC","ipn_type":"invoice","merchant":"star-rent","merchant_id":"687abd80b52b46f45e0b97a7","order_description":"Test invoice - Star Router Rent WHMCS v1.0.3","order_name":"Test invoice - Star Router Rent WHMCS v1.0.3","order_number":"TEST_WHMCS_1752874592","psys_cid":"BTC","source_amount":"1.00","source_currency":"USD","source_rate":"0.00000848","status":"cancelled","txn_id":"687abe6014581547fb068096","verify_hash":"01cea2dde16e98d31d715fc5a818347c152a84dc"}
[18-Jul-2025 22:07:02 UTC] Raw input: 
[18-Jul-2025 22:20:03 UTC] Plisio Webhook Received: {"timestamp":"2025-07-18 22:20:03","method":"POST","headers":{"Content-Length":"1942","Content-Type":"multipart\/form-data; boundary=------------------------b34aca6f069232ac","Accept":"*\/*","Host":"test.star-rent.vip"},"post_data":{"amount":"0.00000000","comment":"Invoice details: https:\/\/plisio.net\/account\/transactions\/687ac17230e9c0242609239d","currency":"BTC","ipn_type":"invoice","merchant":"star-rent","merchant_id":"687abd80b52b46f45e0b97a7","order_description":"Deposit to Star Router Rent","order_name":"Deposit to Star Router Rent","order_number":"7b32e356dc7f2710da57199b6440555a","psys_cid":"BTC","source_amount":"100.00","source_currency":"USD","source_rate":"0.00000848","status":"cancelled","txn_id":"687ac17230e9c0242609239d","verify_hash":"9c3dae254e2e0edfe752545cd559f424da626231"},"raw_input":""}
[18-Jul-2025 22:20:03 UTC] Plisio webhook processed successfully: {"success":true,"payment_id":"7b32e356dc7f2710da57199b6440555a","status":"failed","message":"No status change required"}
[18-Jul-2025 22:24:03 UTC] Plisio Webhook Received: {"timestamp":"2025-07-18 22:24:03","method":"POST","headers":{"Content-Length":"1942","Content-Type":"multipart\/form-data; boundary=------------------------5ef91d3726f2b621","Accept":"*\/*","Host":"test.star-rent.vip"},"post_data":{"amount":"0.00000000","comment":"Invoice details: https:\/\/plisio.net\/account\/transactions\/687ac24a85e730ced8028f85","currency":"BTC","ipn_type":"invoice","merchant":"star-rent","merchant_id":"687abd80b52b46f45e0b97a7","order_description":"Deposit to Star Router Rent","order_name":"Deposit to Star Router Rent","order_number":"0c727108e34c4f12879f8dc7abd36884","psys_cid":"BTC","source_amount":"100.00","source_currency":"USD","source_rate":"0.00000849","status":"cancelled","txn_id":"687ac24a85e730ced8028f85","verify_hash":"5eaa4f026bf5185bacf4af8a3d966bd372a5e6a9"},"raw_input":""}
[18-Jul-2025 22:24:03 UTC] Plisio webhook processed successfully: {"success":true,"payment_id":"0c727108e34c4f12879f8dc7abd36884","status":"failed","message":"No status change required"}
[18-Jul-2025 22:32:05 UTC] Plisio Webhook Received: {"timestamp":"2025-07-18 22:32:05","method":"POST","headers":{"Content-Length":"1943","Content-Type":"multipart\/form-data; boundary=------------------------815777845e470a96","Accept":"*\/*","Host":"test.star-rent.vip"},"post_data":{"amount":"0.00000000","comment":"Invoice details: https:\/\/plisio.net\/account\/transactions\/687ac4481f595effe70c052b","currency":"BTC","ipn_type":"invoice","merchant":"star-rent","merchant_id":"687abd80b52b46f45e0b97a7","order_description":"Deposit to Star Router Rent","order_name":"Deposit to Star Router Rent","order_number":"9f67ef2fb8701e9cc78d0c50f8a9272b","psys_cid":"BTC","source_amount":"1000.00","source_currency":"USD","source_rate":"0.00000849","status":"cancelled","txn_id":"687ac4481f595effe70c052b","verify_hash":"183955498890410fe7902281d5f6ddf2fa808b7e"},"raw_input":""}
[18-Jul-2025 22:32:05 UTC] Plisio webhook processed successfully: {"success":true,"payment_id":"9f67ef2fb8701e9cc78d0c50f8a9272b","status":"failed"}
